<?xml version="1.0" encoding="UTF-8"?>
<robot generator="Robot 7.1.1 (Python 3.10.12 on linux)" generated="2024-11-28T11:30:39.905914" rpa="false" schemaversion="5">
<suite id="s1" name="My First Test Suit" source="/home/user/DesktopMini/RobotFramework/my_first_test_suit.robot">
<test id="s1-t1" name="Login to Redmine" line="14">
<kw name="Open Browser" owner="SeleniumLibrary">
<msg time="2024-11-28T11:30:40.577669" level="INFO">Opening browser 'Chrome' to base url 'http://pems.keenable.io:3000/login'.</msg>
<arg>${URL}</arg>
<arg>Chrome</arg>
<doc>Opens a new browser instance to the optional ``url``.</doc>
<status status="PASS" start="2024-11-28T11:30:40.575493" elapsed="3.594337"/>
</kw>
<kw name="Input Text" owner="SeleniumLibrary">
<msg time="2024-11-28T11:30:44.173434" level="INFO">Typing text 'yash.anand@fosteringlinux.com' into text field 'id=username'.</msg>
<arg>id=username</arg>
<arg>${USERNAME}</arg>
<doc>Types the given ``text`` into the text field identified by ``locator``.</doc>
<status status="PASS" start="2024-11-28T11:30:44.171264" elapsed="0.412894"/>
</kw>
<kw name="Input Text" owner="SeleniumLibrary">
<msg time="2024-11-28T11:30:44.586265" level="INFO">Typing text 'pb03shivjoot' into text field 'id=password'.</msg>
<arg>id=password</arg>
<arg>${PASSWORD}</arg>
<doc>Types the given ``text`` into the text field identified by ``locator``.</doc>
<status status="PASS" start="2024-11-28T11:30:44.585235" elapsed="0.351594"/>
</kw>
<kw name="Click Button" owner="SeleniumLibrary">
<msg time="2024-11-28T11:30:44.938994" level="INFO">Clicking button 'xpath=//input[@name='login']'.</msg>
<arg>xpath=//input[@name='login']</arg>
<doc>Clicks the button identified by ``locator``.</doc>
<status status="PASS" start="2024-11-28T11:30:44.938013" elapsed="0.654848"/>
</kw>
<kw name="Log" owner="BuiltIn">
<msg time="2024-11-28T11:30:45.595305" level="INFO">Successfully logged in.</msg>
<arg>Successfully logged in.</arg>
<doc>Logs the given message with the given level.</doc>
<status status="PASS" start="2024-11-28T11:30:45.594162" elapsed="0.001689"/>
</kw>
<status status="PASS" start="2024-11-28T11:30:40.571007" elapsed="5.026455"/>
</test>
<test id="s1-t2" name="Selecting Project" line="27">
<kw name="Click Link" owner="SeleniumLibrary">
<msg time="2024-11-28T11:30:45.603381" level="INFO">Clicking link 'Projects'.</msg>
<arg>Projects</arg>
<doc>Clicks a link identified by ``locator``.</doc>
<status status="PASS" start="2024-11-28T11:30:45.602122" elapsed="1.070306"/>
</kw>
<kw name="Click Link" owner="SeleniumLibrary">
<msg time="2024-11-28T11:30:46.674164" level="INFO">Clicking link 'xpath=//a[text()='MTA']'.</msg>
<arg>xpath=//a[text()='MTA']</arg>
<doc>Clicks a link identified by ``locator``.</doc>
<status status="PASS" start="2024-11-28T11:30:46.673340" elapsed="0.700944"/>
</kw>
<kw name="Click Link" owner="SeleniumLibrary">
<msg time="2024-11-28T11:30:47.376951" level="INFO">Clicking link 'Emp-tracker-2'.</msg>
<arg>Emp-tracker-2</arg>
<doc>Clicks a link identified by ``locator``.</doc>
<status status="PASS" start="2024-11-28T11:30:47.375698" elapsed="0.763632"/>
</kw>
<kw name="Log" owner="BuiltIn">
<msg time="2024-11-28T11:30:48.141011" level="INFO">Successfully navigated to the project.</msg>
<arg>Successfully navigated to the project.</arg>
<doc>Logs the given message with the given level.</doc>
<status status="PASS" start="2024-11-28T11:30:48.140318" elapsed="0.000979"/>
</kw>
<status status="PASS" start="2024-11-28T11:30:45.599602" elapsed="2.542880"/>
</test>
<test id="s1-t3" name="Creating New Issue" line="36">
<kw name="Click Element" owner="SeleniumLibrary">
<msg time="2024-11-28T11:30:48.146947" level="INFO">Clicking element 'xpath=//a[contains(@class, 'icon icon-add new-issue')]'.</msg>
<arg>xpath=//a[contains(@class, 'icon icon-add new-issue')]</arg>
<doc>Click the element identified by ``locator``.</doc>
<status status="PASS" start="2024-11-28T11:30:48.145551" elapsed="1.149215"/>
</kw>
<kw name="Log" owner="BuiltIn">
<msg time="2024-11-28T11:30:49.297274" level="INFO">New Issue page opened</msg>
<arg>New Issue page opened</arg>
<doc>Logs the given message with the given level.</doc>
<status status="PASS" start="2024-11-28T11:30:49.296086" elapsed="0.001741"/>
</kw>
<status status="PASS" start="2024-11-28T11:30:48.143818" elapsed="1.155250"/>
</test>
<test id="s1-t4" name="Adding Subject" line="42">
<kw name="Wait Until Element Is Visible" owner="SeleniumLibrary">
<arg>id=issue_subject</arg>
<doc>Waits until the element ``locator`` is visible.</doc>
<status status="PASS" start="2024-11-28T11:30:49.302994" elapsed="0.090837"/>
</kw>
<kw name="Input Text" owner="SeleniumLibrary">
<msg time="2024-11-28T11:30:49.395509" level="INFO">Typing text 'DSR Update' into text field 'id=issue_subject'.</msg>
<arg>id=issue_subject</arg>
<arg>DSR Update</arg>
<doc>Types the given ``text`` into the text field identified by ``locator``.</doc>
<status status="PASS" start="2024-11-28T11:30:49.394716" elapsed="0.269407"/>
</kw>
<kw name="Log" owner="BuiltIn">
<msg time="2024-11-28T11:30:49.665590" level="INFO">subject added "DSR Update"</msg>
<arg>subject added "DSR Update"</arg>
<doc>Logs the given message with the given level.</doc>
<status status="PASS" start="2024-11-28T11:30:49.664984" elapsed="0.000896"/>
</kw>
<status status="PASS" start="2024-11-28T11:30:49.300766" elapsed="0.365790"/>
</test>
<test id="s1-t5" name="Adding Descriptiona" line="47">
<kw name="Get File" owner="OperatingSystem">
<msg time="2024-11-28T11:30:49.708449" level="INFO" html="true">Getting file '&lt;a href="file:///home/user/DesktopMini/RobotFramework/27-11-2024.txt"&gt;/home/user/DesktopMini/RobotFramework/27-11-2024.txt&lt;/a&gt;'.</msg>
<msg time="2024-11-28T11:30:49.709505" level="INFO">${dsr_content} = List of tasks performed:
- Followed the Robot Framework Tutorial by Automation Step by Step: https://www.youtube.com/playlist?list=PLhW3qG5bs-L9l2I8K8dEhw6HXy-Z-33w3
- Worked towards better understand...</msg>
<var>${dsr_content}</var>
<arg>${DSR_FILE}</arg>
<doc>Returns the contents of a specified file.</doc>
<status status="PASS" start="2024-11-28T11:30:49.668940" elapsed="0.040795"/>
</kw>
<kw name="Input Text" owner="SeleniumLibrary">
<msg time="2024-11-28T11:30:49.713111" level="INFO">Typing text 'List of tasks performed:
- Followed the Robot Framework Tutorial by Automation Step by Step: https://www.youtube.com/playlist?list=PLhW3qG5bs-L9l2I8K8dEhw6HXy-Z-33w3
- Worked towards better understanding Robot Framework's usage using the official User Guide: https://robotframework.org/robotframework/latest/RobotFrameworkUserGuide.html

Have been able to successfully install Robot Framework and SeleniumLibrary using PIP. Have also gained an understanding of how the following sections are to be handled in a Robot file:
Settings	
Variables
Test Cases
Tasks
Keywords

In order to put the newly gained basic understanding of this Framework, worked towards writing Robot file from scratch for creating today's PEMS ticket.
' into text field 'id=issue_description'.</msg>
<arg>id=issue_description</arg>
<arg>${dsr_content}</arg>
<doc>Types the given ``text`` into the text field identified by ``locator``.</doc>
<status status="PASS" start="2024-11-28T11:30:49.711142" elapsed="3.033460"/>
</kw>
<kw name="Log" owner="BuiltIn">
<msg time="2024-11-28T11:30:52.746988" level="INFO">Added desc from dsr</msg>
<arg>Added desc from dsr</arg>
<doc>Logs the given message with the given level.</doc>
<status status="PASS" start="2024-11-28T11:30:52.745999" elapsed="0.001416"/>
</kw>
<status status="PASS" start="2024-11-28T11:30:49.667564" elapsed="3.080920"/>
</test>
<test id="s1-t6" name="Selecting Status" line="56">
<kw name="Wait Until Element Is Visible" owner="SeleniumLibrary">
<arg>id=issue_status_id</arg>
<doc>Waits until the element ``locator`` is visible.</doc>
<status status="PASS" start="2024-11-28T11:30:52.751946" elapsed="0.135964"/>
</kw>
<kw name="Click Element" owner="SeleniumLibrary">
<msg time="2024-11-28T11:30:52.889900" level="INFO">Clicking element 'xpath=//option[contains(.,'Inprogress')]'.</msg>
<arg>xpath=//option[contains(.,'Inprogress')]</arg>
<doc>Click the element identified by ``locator``.</doc>
<status status="PASS" start="2024-11-28T11:30:52.889007" elapsed="0.150179"/>
</kw>
<kw name="Log" owner="BuiltIn">
<msg time="2024-11-28T11:30:53.041166" level="INFO">Set issue status to In Progress.</msg>
<arg>Set issue status to In Progress.</arg>
<doc>Logs the given message with the given level.</doc>
<status status="PASS" start="2024-11-28T11:30:53.040450" elapsed="0.000975"/>
</kw>
<status status="PASS" start="2024-11-28T11:30:52.749990" elapsed="0.292341"/>
</test>
<test id="s1-t7" name="Assigning To Self" line="63">
<kw name="Click Element" owner="SeleniumLibrary">
<msg time="2024-11-28T11:30:53.046901" level="INFO">Clicking element 'xpath=//option[contains(., '&lt;&lt; me &gt;&gt;')]'.</msg>
<arg>xpath=//option[contains(., '&lt;&lt; me &gt;&gt;')]</arg>
<doc>Click the element identified by ``locator``.</doc>
<status status="PASS" start="2024-11-28T11:30:53.045784" elapsed="0.123452"/>
</kw>
<kw name="Log" owner="BuiltIn">
<msg time="2024-11-28T11:30:53.170879" level="INFO">Assigned issue to self.</msg>
<arg>Assigned issue to self.</arg>
<doc>Logs the given message with the given level.</doc>
<status status="PASS" start="2024-11-28T11:30:53.170135" elapsed="0.000986"/>
</kw>
<status status="PASS" start="2024-11-28T11:30:53.043536" elapsed="0.128476"/>
</test>
<test id="s1-t8" name="Adding Due Date" line="69">
<kw name="Input Text" owner="SeleniumLibrary">
<msg time="2024-11-28T11:30:53.176222" level="INFO">Typing text 'id=issue_start_date' into text field 'id=issue_due_date'.</msg>
<msg time="2024-11-28T11:30:53.584327" level="INFO" html="true">&lt;/td&gt;&lt;/tr&gt;&lt;tr&gt;&lt;td colspan="3"&gt;&lt;a href="selenium-screenshot-9.png"&gt;&lt;img src="selenium-screenshot-9.png" width="800px"&gt;&lt;/a&gt;</msg>
<msg time="2024-11-28T11:30:53.585041" level="FAIL">StaleElementReferenceException: Message: stale element reference: stale element not found in the current frame
  (Session info: chrome=131.0.6778.69); For documentation on this error, please visit: https://www.selenium.dev/documentation/webdriver/troubleshooting/errors#stale-element-reference-exception
Stacktrace:
#0 0x6120afa4a31a &lt;unknown&gt;
#1 0x6120af5606e0 &lt;unknown&gt;
#2 0x6120af5664a3 &lt;unknown&gt;
#3 0x6120af568968 &lt;unknown&gt;
#4 0x6120af5689f3 &lt;unknown&gt;
#5 0x6120af5b00a7 &lt;unknown&gt;
#6 0x6120af5a664d &lt;unknown&gt;
#7 0x6120af5d3462 &lt;unknown&gt;
#8 0x6120af5a3a18 &lt;unknown&gt;
#9 0x6120af5d362e &lt;unknown&gt;
#10 0x6120af5f1ed7 &lt;unknown&gt;
#11 0x6120af5d3203 &lt;unknown&gt;
#12 0x6120af5a1cc0 &lt;unknown&gt;
#13 0x6120af5a2c9e &lt;unknown&gt;
#14 0x6120afa17d0b &lt;unknown&gt;
#15 0x6120afa1bc92 &lt;unknown&gt;
#16 0x6120afa04b3c &lt;unknown&gt;
#17 0x6120afa1c807 &lt;unknown&gt;
#18 0x6120af9ea0df &lt;unknown&gt;
#19 0x6120afa39578 &lt;unknown&gt;
#20 0x6120afa39740 &lt;unknown&gt;
#21 0x6120afa49196 &lt;unknown&gt;
#22 0x700c12294ac3 &lt;unknown&gt;
</msg>
<arg>id=issue_due_date</arg>
<arg>id=issue_start_date</arg>
<doc>Types the given ``text`` into the text field identified by ``locator``.</doc>
<status status="FAIL" start="2024-11-28T11:30:53.174736" elapsed="0.414098">StaleElementReferenceException: Message: stale element reference: stale element not found in the current frame
  (Session info: chrome=131.0.6778.69); For documentation on this error, please visit: https://www.selenium.dev/documentation/webdriver/troubleshooting/errors#stale-element-reference-exception
Stacktrace:
#0 0x6120afa4a31a &lt;unknown&gt;
#1 0x6120af5606e0 &lt;unknown&gt;
#2 0x6120af5664a3 &lt;unknown&gt;
#3 0x6120af568968 &lt;unknown&gt;
#4 0x6120af5689f3 &lt;unknown&gt;
#5 0x6120af5b00a7 &lt;unknown&gt;
#6 0x6120af5a664d &lt;unknown&gt;
#7 0x6120af5d3462 &lt;unknown&gt;
#8 0x6120af5a3a18 &lt;unknown&gt;
#9 0x6120af5d362e &lt;unknown&gt;
#10 0x6120af5f1ed7 &lt;unknown&gt;
#11 0x6120af5d3203 &lt;unknown&gt;
#12 0x6120af5a1cc0 &lt;unknown&gt;
#13 0x6120af5a2c9e &lt;unknown&gt;
#14 0x6120afa17d0b &lt;unknown&gt;
#15 0x6120afa1bc92 &lt;unknown&gt;
#16 0x6120afa04b3c &lt;unknown&gt;
#17 0x6120afa1c807 &lt;unknown&gt;
#18 0x6120af9ea0df &lt;unknown&gt;
#19 0x6120afa39578 &lt;unknown&gt;
#20 0x6120afa39740 &lt;unknown&gt;
#21 0x6120afa49196 &lt;unknown&gt;
#22 0x700c12294ac3 &lt;unknown&gt;
</status>
</kw>
<kw name="Log" owner="BuiltIn">
<arg>Set due date to</arg>
<doc>Logs the given message with the given level.</doc>
<status status="NOT RUN" start="2024-11-28T11:30:53.589794" elapsed="0.000169"/>
</kw>
<status status="FAIL" start="2024-11-28T11:30:53.173264" elapsed="0.418112">StaleElementReferenceException: Message: stale element reference: stale element not found in the current frame
  (Session info: chrome=131.0.6778.69); For documentation on this error, please visit: https://www.selenium.dev/documentation/webdriver/troubleshooting/errors#stale-element-reference-exception
Stacktrace:
#0 0x6120afa4a31a &lt;unknown&gt;
#1 0x6120af5606e0 &lt;unknown&gt;
#2 0x6120af5664a3 &lt;unknown&gt;
#3 0x6120af568968 &lt;unknown&gt;
#4 0x6120af5689f3 &lt;unknown&gt;
#5 0x6120af5b00a7 &lt;unknown&gt;
#6 0x6120af5a664d &lt;unknown&gt;
#7 0x6120af5d3462 &lt;unknown&gt;
#8 0x6120af5a3a18 &lt;unknown&gt;
#9 0x6120af5d362e &lt;unknown&gt;
#10 0x6120af5f1ed7 &lt;unknown&gt;
#11 0x6120af5d3203 &lt;unknown&gt;
#12 0x6120af5a1cc0 &lt;unknown&gt;
#13 0x6120af5a2c9e &lt;unknown&gt;
#14 0x6120afa17d0b &lt;unknown&gt;
#15 0x6120afa1bc92 &lt;unknown&gt;
#16 0x6120afa04b3c &lt;unknown&gt;
#17 0x6120afa1c807 &lt;unknown&gt;
#18 0x6120af9ea0df &lt;unknown&gt;
#19 0x6120afa39578 &lt;unknown&gt;
#20 0x6120afa39740 &lt;unknown&gt;
#21 0x6120afa49196 &lt;unknown&gt;
#22 0x700c12294ac3 &lt;unknown&gt;
</status>
</test>
<test id="s1-t9" name="Selecting Type of Work" line="74">
<kw name="Wait Until Element Is Visible" owner="SeleniumLibrary">
<arg>id=issue_custom_field_values_32</arg>
<doc>Waits until the element ``locator`` is visible.</doc>
<status status="PASS" start="2024-11-28T11:30:53.594965" elapsed="0.079584"/>
</kw>
<kw name="Click Element" owner="SeleniumLibrary">
<msg time="2024-11-28T11:30:53.676703" level="INFO">Clicking element 'xpath=//option[contains(.,'Task')]'.</msg>
<arg>xpath=//option[contains(.,'Task')]</arg>
<doc>Click the element identified by ``locator``.</doc>
<status status="PASS" start="2024-11-28T11:30:53.675490" elapsed="0.118365"/>
</kw>
<kw name="Log" owner="BuiltIn">
<msg time="2024-11-28T11:30:53.796034" level="INFO">Selected type of work: Task.</msg>
<arg>Selected type of work: Task.</arg>
<doc>Logs the given message with the given level.</doc>
<status status="PASS" start="2024-11-28T11:30:53.795278" elapsed="0.001028"/>
</kw>
<status status="PASS" start="2024-11-28T11:30:53.593189" elapsed="0.204352"/>
</test>
<test id="s1-t10" name="Submitting Issue" line="79">
<kw name="Wait Until Element Is Visible" owner="SeleniumLibrary">
<arg>xpath=//input[@name='commit']</arg>
<doc>Waits until the element ``locator`` is visible.</doc>
<status status="PASS" start="2024-11-28T11:30:53.802136" elapsed="0.074577"/>
</kw>
<kw name="Click Button" owner="SeleniumLibrary">
<msg time="2024-11-28T11:30:53.878373" level="INFO">Clicking button 'xpath=//input[@name='commit']'.</msg>
<arg>xpath=//input[@name='commit']</arg>
<doc>Clicks the button identified by ``locator``.</doc>
<status status="PASS" start="2024-11-28T11:30:53.877545" elapsed="0.507973"/>
</kw>
<kw name="Log" owner="BuiltIn">
<msg time="2024-11-28T11:30:54.387742" level="INFO">Issue successfully created.</msg>
<arg>Issue successfully created.</arg>
<doc>Logs the given message with the given level.</doc>
<status status="PASS" start="2024-11-28T11:30:54.386813" elapsed="0.001455"/>
</kw>
<status status="PASS" start="2024-11-28T11:30:53.799540" elapsed="0.589812"/>
</test>
<test id="s1-t11" name="Adding Work Location" line="84">
<kw name="Click Element" owner="SeleniumLibrary">
<msg time="2024-11-28T11:30:54.394811" level="INFO">Clicking element 'xpath=//option[contains(.,'Working FROM Office')]'.</msg>
<msg time="2024-11-28T11:30:54.903339" level="INFO" html="true">&lt;/td&gt;&lt;/tr&gt;&lt;tr&gt;&lt;td colspan="3"&gt;&lt;a href="selenium-screenshot-10.png"&gt;&lt;img src="selenium-screenshot-10.png" width="800px"&gt;&lt;/a&gt;</msg>
<msg time="2024-11-28T11:30:54.904243" level="FAIL">Element with locator 'xpath=//option[contains(.,'Working FROM Office')]' not found.</msg>
<arg>xpath=//option[contains(.,'Working FROM Office')]</arg>
<doc>Click the element identified by ``locator``.</doc>
<status status="FAIL" start="2024-11-28T11:30:54.393386" elapsed="0.513334">Element with locator 'xpath=//option[contains(.,'Working FROM Office')]' not found.</status>
</kw>
<kw name="Log" owner="BuiltIn">
<arg>selected work location as Offices</arg>
<doc>Logs the given message with the given level.</doc>
<status status="NOT RUN" start="2024-11-28T11:30:54.907704" elapsed="0.000191"/>
</kw>
<status status="FAIL" start="2024-11-28T11:30:54.391117" elapsed="0.517672">Element with locator 'xpath=//option[contains(.,'Working FROM Office')]' not found.</status>
</test>
<test id="s1-t12" name="Close Browser" line="91">
<kw name="Close Browser" owner="SeleniumLibrary">
<doc>Closes the current browser.</doc>
<status status="PASS" start="2024-11-28T11:30:54.911371" elapsed="0.139463"/>
</kw>
<kw name="Log" owner="BuiltIn">
<msg time="2024-11-28T11:30:55.052289" level="INFO">Closed the browser</msg>
<arg>Closed the browser</arg>
<doc>Logs the given message with the given level.</doc>
<status status="PASS" start="2024-11-28T11:30:55.051697" elapsed="0.000830"/>
</kw>
<status status="PASS" start="2024-11-28T11:30:54.909920" elapsed="0.143307"/>
</test>
<status status="FAIL" start="2024-11-28T11:30:39.909839" elapsed="15.145175"/>
</suite>
<statistics>
<total>
<stat pass="10" fail="2" skip="0">All Tests</stat>
</total>
<tag>
</tag>
<suite>
<stat pass="10" fail="2" skip="0" id="s1" name="My First Test Suit">My First Test Suit</stat>
</suite>
</statistics>
<errors>
</errors>
</robot>
